<?xml version="1.0" encoding="UTF-8"?>
<testng-results skipped="0" failed="0" total="1" passed="1">
  <reporter-output>
  </reporter-output>
  <suite name="InetBankingV1" duration-ms="59022" started-at="2020-06-01T17:37:26Z" finished-at="2020-06-01T17:38:25Z">
    <groups>
    </groups>
    <test name="BankingApp Test" duration-ms="59022" started-at="2020-06-01T17:37:26Z" finished-at="2020-06-01T17:38:25Z">
      <class name="testcases.LoginPageTest">
        <test-method status="PASS" signature="setup(java.lang.String)[pri:0, instance:testcases.LoginPageTest@be83e4]" name="setup" is-config="true" duration-ms="42865" started-at="2020-06-01T23:07:28Z" finished-at="2020-06-01T23:08:11Z">
          <params>
            <param index="0">
              <value>
                <![CDATA[chrome]]>
              </value>
            </param>
          </params>
          <reporter-output>
          </reporter-output>
        </test-method> <!-- setup -->
        <test-method status="PASS" signature="doLoginTest()[pri:0, instance:testcases.LoginPageTest@be83e4]" name="doLoginTest" duration-ms="12115" started-at="2020-06-01T23:08:11Z" finished-at="2020-06-01T23:08:23Z">
          <reporter-output>
          </reporter-output>
        </test-method> <!-- doLoginTest -->
        <test-method status="PASS" signature="tearDown()[pri:0, instance:testcases.LoginPageTest@be83e4]" name="tearDown" is-config="true" duration-ms="1525" started-at="2020-06-01T23:08:23Z" finished-at="2020-06-01T23:08:25Z">
          <reporter-output>
          </reporter-output>
        </test-method> <!-- tearDown -->
      </class> <!-- testcases.LoginPageTest -->
    </test> <!-- BankingApp Test -->
  </suite> <!-- InetBankingV1 -->
</testng-results>
